<?xml version="1.0" encoding="UTF-8"?>
<!-- Generated by org.testng.reporters.JUnitXMLReporter -->
<testsuite ignored="0" hostname="LAPTOP-UMKH36NI" failures="0" tests="34" name="Default test" time="153.263" errors="0" timestamp="2023-10-08T13:44:12 IST">
  <testcase classname="intern.ict.testscripts.testclass" name="home" time="0.018"/>
  <testcase classname="intern.ict.testscripts.testclass" name="wlogin" time="1.527"/>
  <testcase classname="intern.ict.testscripts.testclass" name="wlogin1" time="1.202"/>
  <testcase classname="intern.ict.testscripts.testclass" name="adlogin" time="2.281"/>
  <testcase classname="intern.ict.testscripts.testclass" name="adtrainer" time="1.0"/>
  <testcase classname="intern.ict.testscripts.testclass" name="adplacement" time="1.096"/>
  <testcase classname="intern.ict.testscripts.testclass" name="adminuser" time="1.133"/>
  <testcase classname="intern.ict.testscripts.testclass" name="adminaddusr" time="2.283"/>
  <testcase classname="intern.ict.testscripts.testclass" name="wnameuseradd" time="1.596"/>
  <testcase classname="intern.ict.testscripts.testclass" name="blankroleadduser" time="1.541"/>
  <testcase classname="intern.ict.testscripts.testclass" name="aduserupdate" time="3.812"/>
  <testcase classname="intern.ict.testscripts.testclass" name="aduserdelete" time="2.069"/>
  <testcase classname="intern.ict.testscripts.testclass" name="wTrainerlogin" time="0.819"/>
  <testcase classname="intern.ict.testscripts.testclass" name="wtrainerlogin1" time="1.055"/>
  <testcase classname="intern.ict.testscripts.testclass" name="trainerlogin" time="0.989"/>
  <testcase classname="intern.ict.testscripts.testclass" name="usrformtitle" time="1.363"/>
  <testcase classname="intern.ict.testscripts.testclass" name="wlearntrainer" time="1.446"/>
  <testcase classname="intern.ict.testscripts.testclass" name="wnametrainer" time="1.482"/>
  <testcase classname="intern.ict.testscripts.testclass" name="trainercourse" time="1.413"/>
  <testcase classname="intern.ict.testscripts.testclass" name="trainerproject" time="1.374"/>
  <testcase classname="intern.ict.testscripts.testclass" name="trainerbatch" time="1.257"/>
  <testcase classname="intern.ict.testscripts.testclass" name="coursestatus" time="1.312"/>
  <testcase classname="intern.ict.testscripts.testclass" name="learneradd" time="1.952"/>
  <testcase classname="intern.ict.testscripts.testclass" name="trainerbulkdata" time="2.417"/>
  <testcase classname="intern.ict.testscripts.testclass" name="trainerbulkdatacancel" time="0.991"/>
  <testcase classname="intern.ict.testscripts.testclass" name="traineredit" time="2.324"/>
  <testcase classname="intern.ict.testscripts.testclass" name="trainerupdatelearner" time="4.553"/>
  <testcase classname="intern.ict.testscripts.testclass" name="trainerdelete" time="2.184"/>
  <testcase classname="intern.ict.testscripts.testclass" name="wpoofficerlogin" time="0.858"/>
  <testcase classname="intern.ict.testscripts.testclass" name="wplacementlogin1" time="1.035"/>
  <testcase classname="intern.ict.testscripts.testclass" name="pologin" time="0.971"/>
  <testcase classname="intern.ict.testscripts.testclass" name="pologinup" time="2.075"/>
  <testcase classname="intern.ict.testscripts.testclass" name="poupform" time="3.692"/>
  <testcase classname="intern.ict.testscripts.testclass" name="pobachtodashboard" time="2.217"/>
</testsuite> <!-- Default test -->
