<?xml version="1.0" encoding="UTF-8"?>
<testng-results ignored="0" total="34" passed="34" failed="0" skipped="0">
  <reporter-output>
  </reporter-output>
  <suite started-at="2023-10-08T13:41:39 IST" name="Default suite" finished-at="2023-10-08T13:44:12 IST" duration-ms="153263">
    <groups>
    </groups>
    <test started-at="2023-10-08T13:41:39 IST" name="Default test" finished-at="2023-10-08T13:44:12 IST" duration-ms="153263">
      <class name="intern.ict.testscripts.testclass">
        <test-method is-config="true" signature="setUp()[pri:0, instance:intern.ict.testscripts.testclass@65fb9ffc]" started-at="2023-10-08T13:41:39 IST" name="setUp" finished-at="2023-10-08T13:41:45 IST" duration-ms="6456" status="PASS">
          <reporter-output>
          </reporter-output>
        </test-method> <!-- setUp -->
        <test-method signature="home()[pri:1, instance:intern.ict.testscripts.testclass@65fb9ffc]" started-at="2023-10-08T13:41:45 IST" name="home" finished-at="2023-10-08T13:41:45 IST" duration-ms="18" status="PASS">
          <reporter-output>
          </reporter-output>
        </test-method> <!-- home -->
        <test-method is-config="true" signature="close()[pri:0, instance:intern.ict.testscripts.testclass@65fb9ffc]" started-at="2023-10-08T13:41:45 IST" name="close" finished-at="2023-10-08T13:41:45 IST" duration-ms="178" status="PASS">
          <reporter-output>
          </reporter-output>
        </test-method> <!-- close -->
        <test-method is-config="true" signature="setUp()[pri:0, instance:intern.ict.testscripts.testclass@65fb9ffc]" started-at="2023-10-08T13:41:45 IST" name="setUp" finished-at="2023-10-08T13:41:48 IST" duration-ms="2263" status="PASS">
          <reporter-output>
          </reporter-output>
        </test-method> <!-- setUp -->
        <test-method signature="wlogin()[pri:2, instance:intern.ict.testscripts.testclass@65fb9ffc]" started-at="2023-10-08T13:41:48 IST" name="wlogin" finished-at="2023-10-08T13:41:49 IST" duration-ms="1527" status="PASS">
          <reporter-output>
          </reporter-output>
        </test-method> <!-- wlogin -->
        <test-method is-config="true" signature="close()[pri:0, instance:intern.ict.testscripts.testclass@65fb9ffc]" started-at="2023-10-08T13:41:49 IST" name="close" finished-at="2023-10-08T13:41:49 IST" duration-ms="163" status="PASS">
          <reporter-output>
          </reporter-output>
        </test-method> <!-- close -->
        <test-method is-config="true" signature="setUp()[pri:0, instance:intern.ict.testscripts.testclass@65fb9ffc]" started-at="2023-10-08T13:41:49 IST" name="setUp" finished-at="2023-10-08T13:41:55 IST" duration-ms="5789" status="PASS">
          <reporter-output>
          </reporter-output>
        </test-method> <!-- setUp -->
        <test-method signature="wlogin1()[pri:3, instance:intern.ict.testscripts.testclass@65fb9ffc]" started-at="2023-10-08T13:41:55 IST" name="wlogin1" finished-at="2023-10-08T13:41:56 IST" duration-ms="1202" status="PASS">
          <reporter-output>
          </reporter-output>
        </test-method> <!-- wlogin1 -->
        <test-method is-config="true" signature="close()[pri:0, instance:intern.ict.testscripts.testclass@65fb9ffc]" started-at="2023-10-08T13:41:56 IST" name="close" finished-at="2023-10-08T13:41:56 IST" duration-ms="177" status="PASS">
          <reporter-output>
          </reporter-output>
        </test-method> <!-- close -->
        <test-method is-config="true" signature="setUp()[pri:0, instance:intern.ict.testscripts.testclass@65fb9ffc]" started-at="2023-10-08T13:41:56 IST" name="setUp" finished-at="2023-10-08T13:41:59 IST" duration-ms="2132" status="PASS">
          <reporter-output>
          </reporter-output>
        </test-method> <!-- setUp -->
        <test-method signature="adlogin()[pri:4, instance:intern.ict.testscripts.testclass@65fb9ffc]" started-at="2023-10-08T13:41:59 IST" name="adlogin" finished-at="2023-10-08T13:42:01 IST" duration-ms="2281" status="PASS">
          <reporter-output>
          </reporter-output>
        </test-method> <!-- adlogin -->
        <test-method is-config="true" signature="close()[pri:0, instance:intern.ict.testscripts.testclass@65fb9ffc]" started-at="2023-10-08T13:42:01 IST" name="close" finished-at="2023-10-08T13:42:01 IST" duration-ms="186" status="PASS">
          <reporter-output>
          </reporter-output>
        </test-method> <!-- close -->
        <test-method is-config="true" signature="setUp()[pri:0, instance:intern.ict.testscripts.testclass@65fb9ffc]" started-at="2023-10-08T13:42:01 IST" name="setUp" finished-at="2023-10-08T13:42:04 IST" duration-ms="2689" status="PASS">
          <reporter-output>
          </reporter-output>
        </test-method> <!-- setUp -->
        <test-method signature="adtrainer()[pri:5, instance:intern.ict.testscripts.testclass@65fb9ffc]" started-at="2023-10-08T13:42:04 IST" name="adtrainer" finished-at="2023-10-08T13:42:05 IST" duration-ms="1000" status="PASS">
          <reporter-output>
          </reporter-output>
        </test-method> <!-- adtrainer -->
        <test-method is-config="true" signature="close()[pri:0, instance:intern.ict.testscripts.testclass@65fb9ffc]" started-at="2023-10-08T13:42:05 IST" name="close" finished-at="2023-10-08T13:42:05 IST" duration-ms="195" status="PASS">
          <reporter-output>
          </reporter-output>
        </test-method> <!-- close -->
        <test-method is-config="true" signature="setUp()[pri:0, instance:intern.ict.testscripts.testclass@65fb9ffc]" started-at="2023-10-08T13:42:05 IST" name="setUp" finished-at="2023-10-08T13:42:10 IST" duration-ms="5448" status="PASS">
          <reporter-output>
          </reporter-output>
        </test-method> <!-- setUp -->
        <test-method signature="adplacement()[pri:6, instance:intern.ict.testscripts.testclass@65fb9ffc]" started-at="2023-10-08T13:42:10 IST" name="adplacement" finished-at="2023-10-08T13:42:11 IST" duration-ms="1096" status="PASS">
          <reporter-output>
          </reporter-output>
        </test-method> <!-- adplacement -->
        <test-method is-config="true" signature="close()[pri:0, instance:intern.ict.testscripts.testclass@65fb9ffc]" started-at="2023-10-08T13:42:11 IST" name="close" finished-at="2023-10-08T13:42:12 IST" duration-ms="181" status="PASS">
          <reporter-output>
          </reporter-output>
        </test-method> <!-- close -->
        <test-method is-config="true" signature="setUp()[pri:0, instance:intern.ict.testscripts.testclass@65fb9ffc]" started-at="2023-10-08T13:42:12 IST" name="setUp" finished-at="2023-10-08T13:42:14 IST" duration-ms="2239" status="PASS">
          <reporter-output>
          </reporter-output>
        </test-method> <!-- setUp -->
        <test-method signature="adminuser()[pri:7, instance:intern.ict.testscripts.testclass@65fb9ffc]" started-at="2023-10-08T13:42:14 IST" name="adminuser" finished-at="2023-10-08T13:42:15 IST" duration-ms="1133" status="PASS">
          <reporter-output>
          </reporter-output>
        </test-method> <!-- adminuser -->
        <test-method is-config="true" signature="close()[pri:0, instance:intern.ict.testscripts.testclass@65fb9ffc]" started-at="2023-10-08T13:42:15 IST" name="close" finished-at="2023-10-08T13:42:15 IST" duration-ms="188" status="PASS">
          <reporter-output>
          </reporter-output>
        </test-method> <!-- close -->
        <test-method is-config="true" signature="setUp()[pri:0, instance:intern.ict.testscripts.testclass@65fb9ffc]" started-at="2023-10-08T13:42:15 IST" name="setUp" finished-at="2023-10-08T13:42:20 IST" duration-ms="4687" status="PASS">
          <reporter-output>
          </reporter-output>
        </test-method> <!-- setUp -->
        <test-method signature="adminaddusr()[pri:8, instance:intern.ict.testscripts.testclass@65fb9ffc]" started-at="2023-10-08T13:42:20 IST" name="adminaddusr" finished-at="2023-10-08T13:42:22 IST" duration-ms="2283" status="PASS">
          <reporter-output>
          </reporter-output>
        </test-method> <!-- adminaddusr -->
        <test-method is-config="true" signature="close()[pri:0, instance:intern.ict.testscripts.testclass@65fb9ffc]" started-at="2023-10-08T13:42:22 IST" name="close" finished-at="2023-10-08T13:42:22 IST" duration-ms="177" status="PASS">
          <reporter-output>
          </reporter-output>
        </test-method> <!-- close -->
        <test-method is-config="true" signature="setUp()[pri:0, instance:intern.ict.testscripts.testclass@65fb9ffc]" started-at="2023-10-08T13:42:22 IST" name="setUp" finished-at="2023-10-08T13:42:24 IST" duration-ms="2070" status="PASS">
          <reporter-output>
          </reporter-output>
        </test-method> <!-- setUp -->
        <test-method signature="wnameuseradd()[pri:9, instance:intern.ict.testscripts.testclass@65fb9ffc]" started-at="2023-10-08T13:42:24 IST" name="wnameuseradd" finished-at="2023-10-08T13:42:26 IST" duration-ms="1596" status="PASS">
          <reporter-output>
          </reporter-output>
        </test-method> <!-- wnameuseradd -->
        <test-method is-config="true" signature="close()[pri:0, instance:intern.ict.testscripts.testclass@65fb9ffc]" started-at="2023-10-08T13:42:26 IST" name="close" finished-at="2023-10-08T13:42:26 IST" duration-ms="186" status="PASS">
          <reporter-output>
          </reporter-output>
        </test-method> <!-- close -->
        <test-method is-config="true" signature="setUp()[pri:0, instance:intern.ict.testscripts.testclass@65fb9ffc]" started-at="2023-10-08T13:42:26 IST" name="setUp" finished-at="2023-10-08T13:42:28 IST" duration-ms="1986" status="PASS">
          <reporter-output>
          </reporter-output>
        </test-method> <!-- setUp -->
        <test-method signature="blankroleadduser()[pri:10, instance:intern.ict.testscripts.testclass@65fb9ffc]" started-at="2023-10-08T13:42:28 IST" name="blankroleadduser" finished-at="2023-10-08T13:42:30 IST" duration-ms="1541" status="PASS">
          <reporter-output>
          </reporter-output>
        </test-method> <!-- blankroleadduser -->
        <test-method is-config="true" signature="close()[pri:0, instance:intern.ict.testscripts.testclass@65fb9ffc]" started-at="2023-10-08T13:42:30 IST" name="close" finished-at="2023-10-08T13:42:30 IST" duration-ms="146" status="PASS">
          <reporter-output>
          </reporter-output>
        </test-method> <!-- close -->
        <test-method is-config="true" signature="setUp()[pri:0, instance:intern.ict.testscripts.testclass@65fb9ffc]" started-at="2023-10-08T13:42:30 IST" name="setUp" finished-at="2023-10-08T13:42:32 IST" duration-ms="2200" status="PASS">
          <reporter-output>
          </reporter-output>
        </test-method> <!-- setUp -->
        <test-method signature="aduserupdate()[pri:11, instance:intern.ict.testscripts.testclass@65fb9ffc]" started-at="2023-10-08T13:42:32 IST" name="aduserupdate" finished-at="2023-10-08T13:42:36 IST" duration-ms="3812" status="PASS">
          <reporter-output>
          </reporter-output>
        </test-method> <!-- aduserupdate -->
        <test-method is-config="true" signature="close()[pri:0, instance:intern.ict.testscripts.testclass@65fb9ffc]" started-at="2023-10-08T13:42:36 IST" name="close" finished-at="2023-10-08T13:42:36 IST" duration-ms="146" status="PASS">
          <reporter-output>
          </reporter-output>
        </test-method> <!-- close -->
        <test-method is-config="true" signature="setUp()[pri:0, instance:intern.ict.testscripts.testclass@65fb9ffc]" started-at="2023-10-08T13:42:36 IST" name="setUp" finished-at="2023-10-08T13:42:38 IST" duration-ms="1898" status="PASS">
          <reporter-output>
          </reporter-output>
        </test-method> <!-- setUp -->
        <test-method signature="aduserdelete()[pri:12, instance:intern.ict.testscripts.testclass@65fb9ffc]" started-at="2023-10-08T13:42:38 IST" name="aduserdelete" finished-at="2023-10-08T13:42:40 IST" duration-ms="2069" status="PASS">
          <reporter-output>
          </reporter-output>
        </test-method> <!-- aduserdelete -->
        <test-method is-config="true" signature="close()[pri:0, instance:intern.ict.testscripts.testclass@65fb9ffc]" started-at="2023-10-08T13:42:40 IST" name="close" finished-at="2023-10-08T13:42:40 IST" duration-ms="150" status="PASS">
          <reporter-output>
          </reporter-output>
        </test-method> <!-- close -->
        <test-method is-config="true" signature="setUp()[pri:0, instance:intern.ict.testscripts.testclass@65fb9ffc]" started-at="2023-10-08T13:42:40 IST" name="setUp" finished-at="2023-10-08T13:42:42 IST" duration-ms="1991" status="PASS">
          <reporter-output>
          </reporter-output>
        </test-method> <!-- setUp -->
        <test-method signature="wTrainerlogin()[pri:13, instance:intern.ict.testscripts.testclass@65fb9ffc]" started-at="2023-10-08T13:42:42 IST" name="wTrainerlogin" finished-at="2023-10-08T13:42:43 IST" duration-ms="819" status="PASS">
          <reporter-output>
          </reporter-output>
        </test-method> <!-- wTrainerlogin -->
        <test-method is-config="true" signature="close()[pri:0, instance:intern.ict.testscripts.testclass@65fb9ffc]" started-at="2023-10-08T13:42:43 IST" name="close" finished-at="2023-10-08T13:42:43 IST" duration-ms="149" status="PASS">
          <reporter-output>
          </reporter-output>
        </test-method> <!-- close -->
        <test-method is-config="true" signature="setUp()[pri:0, instance:intern.ict.testscripts.testclass@65fb9ffc]" started-at="2023-10-08T13:42:43 IST" name="setUp" finished-at="2023-10-08T13:42:45 IST" duration-ms="2063" status="PASS">
          <reporter-output>
          </reporter-output>
        </test-method> <!-- setUp -->
        <test-method signature="wtrainerlogin1()[pri:14, instance:intern.ict.testscripts.testclass@65fb9ffc]" started-at="2023-10-08T13:42:45 IST" name="wtrainerlogin1" finished-at="2023-10-08T13:42:46 IST" duration-ms="1055" status="PASS">
          <reporter-output>
          </reporter-output>
        </test-method> <!-- wtrainerlogin1 -->
        <test-method is-config="true" signature="close()[pri:0, instance:intern.ict.testscripts.testclass@65fb9ffc]" started-at="2023-10-08T13:42:46 IST" name="close" finished-at="2023-10-08T13:42:46 IST" duration-ms="176" status="PASS">
          <reporter-output>
          </reporter-output>
        </test-method> <!-- close -->
        <test-method is-config="true" signature="setUp()[pri:0, instance:intern.ict.testscripts.testclass@65fb9ffc]" started-at="2023-10-08T13:42:46 IST" name="setUp" finished-at="2023-10-08T13:42:48 IST" duration-ms="2035" status="PASS">
          <reporter-output>
          </reporter-output>
        </test-method> <!-- setUp -->
        <test-method signature="trainerlogin()[pri:15, instance:intern.ict.testscripts.testclass@65fb9ffc]" started-at="2023-10-08T13:42:48 IST" name="trainerlogin" finished-at="2023-10-08T13:42:49 IST" duration-ms="989" status="PASS">
          <reporter-output>
          </reporter-output>
        </test-method> <!-- trainerlogin -->
        <test-method is-config="true" signature="close()[pri:0, instance:intern.ict.testscripts.testclass@65fb9ffc]" started-at="2023-10-08T13:42:49 IST" name="close" finished-at="2023-10-08T13:42:50 IST" duration-ms="181" status="PASS">
          <reporter-output>
          </reporter-output>
        </test-method> <!-- close -->
        <test-method is-config="true" signature="setUp()[pri:0, instance:intern.ict.testscripts.testclass@65fb9ffc]" started-at="2023-10-08T13:42:50 IST" name="setUp" finished-at="2023-10-08T13:42:52 IST" duration-ms="2047" status="PASS">
          <reporter-output>
          </reporter-output>
        </test-method> <!-- setUp -->
        <test-method signature="usrformtitle()[pri:16, instance:intern.ict.testscripts.testclass@65fb9ffc]" started-at="2023-10-08T13:42:52 IST" name="usrformtitle" finished-at="2023-10-08T13:42:53 IST" duration-ms="1363" status="PASS">
          <reporter-output>
          </reporter-output>
        </test-method> <!-- usrformtitle -->
        <test-method is-config="true" signature="close()[pri:0, instance:intern.ict.testscripts.testclass@65fb9ffc]" started-at="2023-10-08T13:42:53 IST" name="close" finished-at="2023-10-08T13:42:53 IST" duration-ms="189" status="PASS">
          <reporter-output>
          </reporter-output>
        </test-method> <!-- close -->
        <test-method is-config="true" signature="setUp()[pri:0, instance:intern.ict.testscripts.testclass@65fb9ffc]" started-at="2023-10-08T13:42:53 IST" name="setUp" finished-at="2023-10-08T13:42:55 IST" duration-ms="2126" status="PASS">
          <reporter-output>
          </reporter-output>
        </test-method> <!-- setUp -->
        <test-method signature="wlearntrainer()[pri:17, instance:intern.ict.testscripts.testclass@65fb9ffc]" started-at="2023-10-08T13:42:55 IST" name="wlearntrainer" finished-at="2023-10-08T13:42:57 IST" duration-ms="1446" status="PASS">
          <reporter-output>
          </reporter-output>
        </test-method> <!-- wlearntrainer -->
        <test-method is-config="true" signature="close()[pri:0, instance:intern.ict.testscripts.testclass@65fb9ffc]" started-at="2023-10-08T13:42:57 IST" name="close" finished-at="2023-10-08T13:42:57 IST" duration-ms="190" status="PASS">
          <reporter-output>
          </reporter-output>
        </test-method> <!-- close -->
        <test-method is-config="true" signature="setUp()[pri:0, instance:intern.ict.testscripts.testclass@65fb9ffc]" started-at="2023-10-08T13:42:57 IST" name="setUp" finished-at="2023-10-08T13:42:59 IST" duration-ms="2028" status="PASS">
          <reporter-output>
          </reporter-output>
        </test-method> <!-- setUp -->
        <test-method signature="wnametrainer()[pri:18, instance:intern.ict.testscripts.testclass@65fb9ffc]" started-at="2023-10-08T13:42:59 IST" name="wnametrainer" finished-at="2023-10-08T13:43:01 IST" duration-ms="1482" status="PASS">
          <reporter-output>
          </reporter-output>
        </test-method> <!-- wnametrainer -->
        <test-method is-config="true" signature="close()[pri:0, instance:intern.ict.testscripts.testclass@65fb9ffc]" started-at="2023-10-08T13:43:01 IST" name="close" finished-at="2023-10-08T13:43:01 IST" duration-ms="161" status="PASS">
          <reporter-output>
          </reporter-output>
        </test-method> <!-- close -->
        <test-method is-config="true" signature="setUp()[pri:0, instance:intern.ict.testscripts.testclass@65fb9ffc]" started-at="2023-10-08T13:43:01 IST" name="setUp" finished-at="2023-10-08T13:43:03 IST" duration-ms="2148" status="PASS">
          <reporter-output>
          </reporter-output>
        </test-method> <!-- setUp -->
        <test-method signature="trainercourse()[pri:19, instance:intern.ict.testscripts.testclass@65fb9ffc]" started-at="2023-10-08T13:43:03 IST" name="trainercourse" finished-at="2023-10-08T13:43:04 IST" duration-ms="1413" status="PASS">
          <reporter-output>
          </reporter-output>
        </test-method> <!-- trainercourse -->
        <test-method is-config="true" signature="close()[pri:0, instance:intern.ict.testscripts.testclass@65fb9ffc]" started-at="2023-10-08T13:43:04 IST" name="close" finished-at="2023-10-08T13:43:04 IST" duration-ms="156" status="PASS">
          <reporter-output>
          </reporter-output>
        </test-method> <!-- close -->
        <test-method is-config="true" signature="setUp()[pri:0, instance:intern.ict.testscripts.testclass@65fb9ffc]" started-at="2023-10-08T13:43:04 IST" name="setUp" finished-at="2023-10-08T13:43:07 IST" duration-ms="2428" status="PASS">
          <reporter-output>
          </reporter-output>
        </test-method> <!-- setUp -->
        <test-method signature="trainerproject()[pri:20, instance:intern.ict.testscripts.testclass@65fb9ffc]" started-at="2023-10-08T13:43:07 IST" name="trainerproject" finished-at="2023-10-08T13:43:08 IST" duration-ms="1374" status="PASS">
          <reporter-output>
          </reporter-output>
        </test-method> <!-- trainerproject -->
        <test-method is-config="true" signature="close()[pri:0, instance:intern.ict.testscripts.testclass@65fb9ffc]" started-at="2023-10-08T13:43:08 IST" name="close" finished-at="2023-10-08T13:43:08 IST" duration-ms="167" status="PASS">
          <reporter-output>
          </reporter-output>
        </test-method> <!-- close -->
        <test-method is-config="true" signature="setUp()[pri:0, instance:intern.ict.testscripts.testclass@65fb9ffc]" started-at="2023-10-08T13:43:08 IST" name="setUp" finished-at="2023-10-08T13:43:10 IST" duration-ms="2034" status="PASS">
          <reporter-output>
          </reporter-output>
        </test-method> <!-- setUp -->
        <test-method signature="trainerbatch()[pri:21, instance:intern.ict.testscripts.testclass@65fb9ffc]" started-at="2023-10-08T13:43:10 IST" name="trainerbatch" finished-at="2023-10-08T13:43:12 IST" duration-ms="1257" status="PASS">
          <reporter-output>
          </reporter-output>
        </test-method> <!-- trainerbatch -->
        <test-method is-config="true" signature="close()[pri:0, instance:intern.ict.testscripts.testclass@65fb9ffc]" started-at="2023-10-08T13:43:12 IST" name="close" finished-at="2023-10-08T13:43:12 IST" duration-ms="144" status="PASS">
          <reporter-output>
          </reporter-output>
        </test-method> <!-- close -->
        <test-method is-config="true" signature="setUp()[pri:0, instance:intern.ict.testscripts.testclass@65fb9ffc]" started-at="2023-10-08T13:43:12 IST" name="setUp" finished-at="2023-10-08T13:43:14 IST" duration-ms="2323" status="PASS">
          <reporter-output>
          </reporter-output>
        </test-method> <!-- setUp -->
        <test-method signature="coursestatus()[pri:22, instance:intern.ict.testscripts.testclass@65fb9ffc]" started-at="2023-10-08T13:43:14 IST" name="coursestatus" finished-at="2023-10-08T13:43:15 IST" duration-ms="1312" status="PASS">
          <reporter-output>
          </reporter-output>
        </test-method> <!-- coursestatus -->
        <test-method is-config="true" signature="close()[pri:0, instance:intern.ict.testscripts.testclass@65fb9ffc]" started-at="2023-10-08T13:43:15 IST" name="close" finished-at="2023-10-08T13:43:16 IST" duration-ms="162" status="PASS">
          <reporter-output>
          </reporter-output>
        </test-method> <!-- close -->
        <test-method is-config="true" signature="setUp()[pri:0, instance:intern.ict.testscripts.testclass@65fb9ffc]" started-at="2023-10-08T13:43:16 IST" name="setUp" finished-at="2023-10-08T13:43:18 IST" duration-ms="2491" status="PASS">
          <reporter-output>
          </reporter-output>
        </test-method> <!-- setUp -->
        <test-method signature="learneradd()[pri:23, instance:intern.ict.testscripts.testclass@65fb9ffc]" started-at="2023-10-08T13:43:18 IST" name="learneradd" finished-at="2023-10-08T13:43:20 IST" duration-ms="1952" status="PASS">
          <reporter-output>
          </reporter-output>
        </test-method> <!-- learneradd -->
        <test-method is-config="true" signature="close()[pri:0, instance:intern.ict.testscripts.testclass@65fb9ffc]" started-at="2023-10-08T13:43:20 IST" name="close" finished-at="2023-10-08T13:43:20 IST" duration-ms="151" status="PASS">
          <reporter-output>
          </reporter-output>
        </test-method> <!-- close -->
        <test-method is-config="true" signature="setUp()[pri:0, instance:intern.ict.testscripts.testclass@65fb9ffc]" started-at="2023-10-08T13:43:20 IST" name="setUp" finished-at="2023-10-08T13:43:23 IST" duration-ms="2324" status="PASS">
          <reporter-output>
          </reporter-output>
        </test-method> <!-- setUp -->
        <test-method signature="trainerbulkdata()[pri:24, instance:intern.ict.testscripts.testclass@65fb9ffc]" started-at="2023-10-08T13:43:23 IST" name="trainerbulkdata" finished-at="2023-10-08T13:43:25 IST" duration-ms="2417" status="PASS">
          <reporter-output>
          </reporter-output>
        </test-method> <!-- trainerbulkdata -->
        <test-method is-config="true" signature="close()[pri:0, instance:intern.ict.testscripts.testclass@65fb9ffc]" started-at="2023-10-08T13:43:25 IST" name="close" finished-at="2023-10-08T13:43:25 IST" duration-ms="162" status="PASS">
          <reporter-output>
          </reporter-output>
        </test-method> <!-- close -->
        <test-method is-config="true" signature="setUp()[pri:0, instance:intern.ict.testscripts.testclass@65fb9ffc]" started-at="2023-10-08T13:43:25 IST" name="setUp" finished-at="2023-10-08T13:43:29 IST" duration-ms="3607" status="PASS">
          <reporter-output>
          </reporter-output>
        </test-method> <!-- setUp -->
        <test-method signature="trainerbulkdatacancel()[pri:25, instance:intern.ict.testscripts.testclass@65fb9ffc]" started-at="2023-10-08T13:43:29 IST" name="trainerbulkdatacancel" finished-at="2023-10-08T13:43:30 IST" duration-ms="991" status="PASS">
          <reporter-output>
          </reporter-output>
        </test-method> <!-- trainerbulkdatacancel -->
        <test-method is-config="true" signature="close()[pri:0, instance:intern.ict.testscripts.testclass@65fb9ffc]" started-at="2023-10-08T13:43:30 IST" name="close" finished-at="2023-10-08T13:43:30 IST" duration-ms="160" status="PASS">
          <reporter-output>
          </reporter-output>
        </test-method> <!-- close -->
        <test-method is-config="true" signature="setUp()[pri:0, instance:intern.ict.testscripts.testclass@65fb9ffc]" started-at="2023-10-08T13:43:30 IST" name="setUp" finished-at="2023-10-08T13:43:32 IST" duration-ms="2111" status="PASS">
          <reporter-output>
          </reporter-output>
        </test-method> <!-- setUp -->
        <test-method signature="traineredit()[pri:26, instance:intern.ict.testscripts.testclass@65fb9ffc]" started-at="2023-10-08T13:43:32 IST" name="traineredit" finished-at="2023-10-08T13:43:34 IST" duration-ms="2324" status="PASS">
          <reporter-output>
          </reporter-output>
        </test-method> <!-- traineredit -->
        <test-method is-config="true" signature="close()[pri:0, instance:intern.ict.testscripts.testclass@65fb9ffc]" started-at="2023-10-08T13:43:34 IST" name="close" finished-at="2023-10-08T13:43:34 IST" duration-ms="158" status="PASS">
          <reporter-output>
          </reporter-output>
        </test-method> <!-- close -->
        <test-method is-config="true" signature="setUp()[pri:0, instance:intern.ict.testscripts.testclass@65fb9ffc]" started-at="2023-10-08T13:43:34 IST" name="setUp" finished-at="2023-10-08T13:43:38 IST" duration-ms="3185" status="PASS">
          <reporter-output>
          </reporter-output>
        </test-method> <!-- setUp -->
        <test-method signature="trainerupdatelearner()[pri:27, instance:intern.ict.testscripts.testclass@65fb9ffc]" started-at="2023-10-08T13:43:38 IST" name="trainerupdatelearner" finished-at="2023-10-08T13:43:42 IST" duration-ms="4553" status="PASS">
          <reporter-output>
          </reporter-output>
        </test-method> <!-- trainerupdatelearner -->
        <test-method is-config="true" signature="close()[pri:0, instance:intern.ict.testscripts.testclass@65fb9ffc]" started-at="2023-10-08T13:43:42 IST" name="close" finished-at="2023-10-08T13:43:42 IST" duration-ms="216" status="PASS">
          <reporter-output>
          </reporter-output>
        </test-method> <!-- close -->
        <test-method is-config="true" signature="setUp()[pri:0, instance:intern.ict.testscripts.testclass@65fb9ffc]" started-at="2023-10-08T13:43:42 IST" name="setUp" finished-at="2023-10-08T13:43:44 IST" duration-ms="1976" status="PASS">
          <reporter-output>
          </reporter-output>
        </test-method> <!-- setUp -->
        <test-method signature="trainerdelete()[pri:28, instance:intern.ict.testscripts.testclass@65fb9ffc]" started-at="2023-10-08T13:43:44 IST" name="trainerdelete" finished-at="2023-10-08T13:43:47 IST" duration-ms="2184" status="PASS">
          <reporter-output>
          </reporter-output>
        </test-method> <!-- trainerdelete -->
        <test-method is-config="true" signature="close()[pri:0, instance:intern.ict.testscripts.testclass@65fb9ffc]" started-at="2023-10-08T13:43:47 IST" name="close" finished-at="2023-10-08T13:43:47 IST" duration-ms="196" status="PASS">
          <reporter-output>
          </reporter-output>
        </test-method> <!-- close -->
        <test-method is-config="true" signature="setUp()[pri:0, instance:intern.ict.testscripts.testclass@65fb9ffc]" started-at="2023-10-08T13:43:47 IST" name="setUp" finished-at="2023-10-08T13:43:49 IST" duration-ms="1972" status="PASS">
          <reporter-output>
          </reporter-output>
        </test-method> <!-- setUp -->
        <test-method signature="wpoofficerlogin()[pri:29, instance:intern.ict.testscripts.testclass@65fb9ffc]" started-at="2023-10-08T13:43:49 IST" name="wpoofficerlogin" finished-at="2023-10-08T13:43:50 IST" duration-ms="858" status="PASS">
          <reporter-output>
          </reporter-output>
        </test-method> <!-- wpoofficerlogin -->
        <test-method is-config="true" signature="close()[pri:0, instance:intern.ict.testscripts.testclass@65fb9ffc]" started-at="2023-10-08T13:43:50 IST" name="close" finished-at="2023-10-08T13:43:50 IST" duration-ms="145" status="PASS">
          <reporter-output>
          </reporter-output>
        </test-method> <!-- close -->
        <test-method is-config="true" signature="setUp()[pri:0, instance:intern.ict.testscripts.testclass@65fb9ffc]" started-at="2023-10-08T13:43:50 IST" name="setUp" finished-at="2023-10-08T13:43:53 IST" duration-ms="2725" status="PASS">
          <reporter-output>
          </reporter-output>
        </test-method> <!-- setUp -->
        <test-method signature="wplacementlogin1()[pri:30, instance:intern.ict.testscripts.testclass@65fb9ffc]" started-at="2023-10-08T13:43:53 IST" name="wplacementlogin1" finished-at="2023-10-08T13:43:54 IST" duration-ms="1035" status="PASS">
          <reporter-output>
          </reporter-output>
        </test-method> <!-- wplacementlogin1 -->
        <test-method is-config="true" signature="close()[pri:0, instance:intern.ict.testscripts.testclass@65fb9ffc]" started-at="2023-10-08T13:43:54 IST" name="close" finished-at="2023-10-08T13:43:54 IST" duration-ms="152" status="PASS">
          <reporter-output>
          </reporter-output>
        </test-method> <!-- close -->
        <test-method is-config="true" signature="setUp()[pri:0, instance:intern.ict.testscripts.testclass@65fb9ffc]" started-at="2023-10-08T13:43:54 IST" name="setUp" finished-at="2023-10-08T13:43:56 IST" duration-ms="1995" status="PASS">
          <reporter-output>
          </reporter-output>
        </test-method> <!-- setUp -->
        <test-method signature="pologin()[pri:31, instance:intern.ict.testscripts.testclass@65fb9ffc]" started-at="2023-10-08T13:43:56 IST" name="pologin" finished-at="2023-10-08T13:43:57 IST" duration-ms="971" status="PASS">
          <reporter-output>
          </reporter-output>
        </test-method> <!-- pologin -->
        <test-method is-config="true" signature="close()[pri:0, instance:intern.ict.testscripts.testclass@65fb9ffc]" started-at="2023-10-08T13:43:57 IST" name="close" finished-at="2023-10-08T13:43:57 IST" duration-ms="155" status="PASS">
          <reporter-output>
          </reporter-output>
        </test-method> <!-- close -->
        <test-method is-config="true" signature="setUp()[pri:0, instance:intern.ict.testscripts.testclass@65fb9ffc]" started-at="2023-10-08T13:43:57 IST" name="setUp" finished-at="2023-10-08T13:43:59 IST" duration-ms="2425" status="PASS">
          <reporter-output>
          </reporter-output>
        </test-method> <!-- setUp -->
        <test-method signature="pologinup()[pri:32, instance:intern.ict.testscripts.testclass@65fb9ffc]" started-at="2023-10-08T13:43:59 IST" name="pologinup" finished-at="2023-10-08T13:44:01 IST" duration-ms="2075" status="PASS">
          <reporter-output>
          </reporter-output>
        </test-method> <!-- pologinup -->
        <test-method is-config="true" signature="close()[pri:0, instance:intern.ict.testscripts.testclass@65fb9ffc]" started-at="2023-10-08T13:44:01 IST" name="close" finished-at="2023-10-08T13:44:01 IST" duration-ms="181" status="PASS">
          <reporter-output>
          </reporter-output>
        </test-method> <!-- close -->
        <test-method is-config="true" signature="setUp()[pri:0, instance:intern.ict.testscripts.testclass@65fb9ffc]" started-at="2023-10-08T13:44:01 IST" name="setUp" finished-at="2023-10-08T13:44:04 IST" duration-ms="2154" status="PASS">
          <reporter-output>
          </reporter-output>
        </test-method> <!-- setUp -->
        <test-method signature="poupform()[pri:33, instance:intern.ict.testscripts.testclass@65fb9ffc]" started-at="2023-10-08T13:44:04 IST" name="poupform" finished-at="2023-10-08T13:44:07 IST" duration-ms="3692" status="PASS">
          <reporter-output>
          </reporter-output>
        </test-method> <!-- poupform -->
        <test-method is-config="true" signature="close()[pri:0, instance:intern.ict.testscripts.testclass@65fb9ffc]" started-at="2023-10-08T13:44:07 IST" name="close" finished-at="2023-10-08T13:44:08 IST" duration-ms="159" status="PASS">
          <reporter-output>
          </reporter-output>
        </test-method> <!-- close -->
        <test-method is-config="true" signature="setUp()[pri:0, instance:intern.ict.testscripts.testclass@65fb9ffc]" started-at="2023-10-08T13:44:08 IST" name="setUp" finished-at="2023-10-08T13:44:09 IST" duration-ms="1987" status="PASS">
          <reporter-output>
          </reporter-output>
        </test-method> <!-- setUp -->
        <test-method signature="pobachtodashboard()[pri:34, instance:intern.ict.testscripts.testclass@65fb9ffc]" started-at="2023-10-08T13:44:09 IST" name="pobachtodashboard" finished-at="2023-10-08T13:44:12 IST" duration-ms="2217" status="PASS">
          <reporter-output>
          </reporter-output>
        </test-method> <!-- pobachtodashboard -->
        <test-method is-config="true" signature="close()[pri:0, instance:intern.ict.testscripts.testclass@65fb9ffc]" started-at="2023-10-08T13:44:12 IST" name="close" finished-at="2023-10-08T13:44:12 IST" duration-ms="174" status="PASS">
          <reporter-output>
          </reporter-output>
        </test-method> <!-- close -->
      </class> <!-- intern.ict.testscripts.testclass -->
    </test> <!-- Default test -->
  </suite> <!-- Default suite -->
</testng-results>
